% setup_repo
% guilt push
Applying patch..modify
Patch applied.
% list_files
d .git/patches
d .git/patches/master
f 22930c6d1f1938f298a4fca51c57e4b47171db21  .git/patches/master/mode
f 413390f3906f16f30b054a4fb86c1e014b964504  .git/patches/master/remove
f 7b80669540a0ba5ec6098f50bb7923921278e85a  .git/patches/master/status
f 9c18cc7abe6b87f18503714a80a677b4094eb457  .git/patches/master/add
f bacb4aad8a55fe4e7aa58a9ae169990bb764069f  .git/patches/master/series
f bc9ab2e0f5db99d483961e956e814d963f0309f8  .git/patches/master/modify
r 33633e7a1aa31972f125878baf7807be57b1672d  .git/refs/patches/master/modify
% guilt applied
modify
% list_files
d .git/patches
d .git/patches/master
f 22930c6d1f1938f298a4fca51c57e4b47171db21  .git/patches/master/mode
f 413390f3906f16f30b054a4fb86c1e014b964504  .git/patches/master/remove
f 7b80669540a0ba5ec6098f50bb7923921278e85a  .git/patches/master/status
f 9c18cc7abe6b87f18503714a80a677b4094eb457  .git/patches/master/add
f bacb4aad8a55fe4e7aa58a9ae169990bb764069f  .git/patches/master/series
f bc9ab2e0f5db99d483961e956e814d963f0309f8  .git/patches/master/modify
r 33633e7a1aa31972f125878baf7807be57b1672d  .git/refs/patches/master/modify
% guilt commit -a
% list_files
d .git/patches
d .git/patches/master
f 0ec57719fbf8c52006b6a10bb45d8ec6d45a0c57  .git/patches/master/series
f 22930c6d1f1938f298a4fca51c57e4b47171db21  .git/patches/master/mode
f 413390f3906f16f30b054a4fb86c1e014b964504  .git/patches/master/remove
f 9c18cc7abe6b87f18503714a80a677b4094eb457  .git/patches/master/add
f bc9ab2e0f5db99d483961e956e814d963f0309f8  .git/patches/master/modify
f da39a3ee5e6b4b0d3255bfef95601890afd80709  .git/patches/master/status
% guilt push
Applying patch..add
Patch applied.
% list_files
d .git/patches
d .git/patches/master
f 0ec57719fbf8c52006b6a10bb45d8ec6d45a0c57  .git/patches/master/series
f 22930c6d1f1938f298a4fca51c57e4b47171db21  .git/patches/master/mode
f 413390f3906f16f30b054a4fb86c1e014b964504  .git/patches/master/remove
f 92beb40d1a86a6509c300d948703802d656b31c9  .git/patches/master/status
f 9c18cc7abe6b87f18503714a80a677b4094eb457  .git/patches/master/add
f bc9ab2e0f5db99d483961e956e814d963f0309f8  .git/patches/master/modify
r 37d588cc39848368810e88332bd03b083f2ce3ac  .git/refs/patches/master/add
% guilt delete mode
% list_files
d .git/patches
d .git/patches/master
f 22930c6d1f1938f298a4fca51c57e4b47171db21  .git/patches/master/mode
f 413390f3906f16f30b054a4fb86c1e014b964504  .git/patches/master/remove
f 92beb40d1a86a6509c300d948703802d656b31c9  .git/patches/master/status
f 9c18cc7abe6b87f18503714a80a677b4094eb457  .git/patches/master/add
f bc9ab2e0f5db99d483961e956e814d963f0309f8  .git/patches/master/modify
f e9a7092d1a00f47e1df206eb4bf1f1cd9ef6d50d  .git/patches/master/series
r 37d588cc39848368810e88332bd03b083f2ce3ac  .git/refs/patches/master/add
% guilt export
Series exported to "patches" successfully.
% list_files
d .git/patches
d .git/patches/master
d .git/patches/master/patches
f 122058eede030a5fdac4e7bcebefededdb5c2126  .git/patches/master/patches/series
f 22930c6d1f1938f298a4fca51c57e4b47171db21  .git/patches/master/mode
f 413390f3906f16f30b054a4fb86c1e014b964504  .git/patches/master/patches/remove
f 413390f3906f16f30b054a4fb86c1e014b964504  .git/patches/master/remove
f 92beb40d1a86a6509c300d948703802d656b31c9  .git/patches/master/status
f 9c18cc7abe6b87f18503714a80a677b4094eb457  .git/patches/master/add
f 9c18cc7abe6b87f18503714a80a677b4094eb457  .git/patches/master/patches/add
f bc9ab2e0f5db99d483961e956e814d963f0309f8  .git/patches/master/modify
f e9a7092d1a00f47e1df206eb4bf1f1cd9ef6d50d  .git/patches/master/series
r 37d588cc39848368810e88332bd03b083f2ce3ac  .git/refs/patches/master/add
% guilt graph
digraph G {
# checking rev 37d588cc39848368810e88332bd03b083f2ce3ac
	"37d588cc39848368810e88332bd03b083f2ce3ac" [label="add"]
}
% list_files
d .git/patches
d .git/patches/master
d .git/patches/master/patches
f 122058eede030a5fdac4e7bcebefededdb5c2126  .git/patches/master/patches/series
f 22930c6d1f1938f298a4fca51c57e4b47171db21  .git/patches/master/mode
f 413390f3906f16f30b054a4fb86c1e014b964504  .git/patches/master/patches/remove
f 413390f3906f16f30b054a4fb86c1e014b964504  .git/patches/master/remove
f 92beb40d1a86a6509c300d948703802d656b31c9  .git/patches/master/status
f 9c18cc7abe6b87f18503714a80a677b4094eb457  .git/patches/master/add
f 9c18cc7abe6b87f18503714a80a677b4094eb457  .git/patches/master/patches/add
f bc9ab2e0f5db99d483961e956e814d963f0309f8  .git/patches/master/modify
f e9a7092d1a00f47e1df206eb4bf1f1cd9ef6d50d  .git/patches/master/series
r 37d588cc39848368810e88332bd03b083f2ce3ac  .git/refs/patches/master/add
% guilt guard -l
add: 
remove: 
% list_files
d .git/patches
d .git/patches/master
d .git/patches/master/patches
f 122058eede030a5fdac4e7bcebefededdb5c2126  .git/patches/master/patches/series
f 22930c6d1f1938f298a4fca51c57e4b47171db21  .git/patches/master/mode
f 413390f3906f16f30b054a4fb86c1e014b964504  .git/patches/master/patches/remove
f 413390f3906f16f30b054a4fb86c1e014b964504  .git/patches/master/remove
f 92beb40d1a86a6509c300d948703802d656b31c9  .git/patches/master/status
f 9c18cc7abe6b87f18503714a80a677b4094eb457  .git/patches/master/add
f 9c18cc7abe6b87f18503714a80a677b4094eb457  .git/patches/master/patches/add
f bc9ab2e0f5db99d483961e956e814d963f0309f8  .git/patches/master/modify
f e9a7092d1a00f47e1df206eb4bf1f1cd9ef6d50d  .git/patches/master/series
r 37d588cc39848368810e88332bd03b083f2ce3ac  .git/refs/patches/master/add
% guilt header
% list_files
d .git/patches
d .git/patches/master
d .git/patches/master/patches
f 122058eede030a5fdac4e7bcebefededdb5c2126  .git/patches/master/patches/series
f 22930c6d1f1938f298a4fca51c57e4b47171db21  .git/patches/master/mode
f 413390f3906f16f30b054a4fb86c1e014b964504  .git/patches/master/patches/remove
f 413390f3906f16f30b054a4fb86c1e014b964504  .git/patches/master/remove
f 92beb40d1a86a6509c300d948703802d656b31c9  .git/patches/master/status
f 9c18cc7abe6b87f18503714a80a677b4094eb457  .git/patches/master/add
f 9c18cc7abe6b87f18503714a80a677b4094eb457  .git/patches/master/patches/add
f bc9ab2e0f5db99d483961e956e814d963f0309f8  .git/patches/master/modify
f e9a7092d1a00f47e1df206eb4bf1f1cd9ef6d50d  .git/patches/master/series
r 37d588cc39848368810e88332bd03b083f2ce3ac  .git/refs/patches/master/add
% guilt help
% guilt next
remove
% guilt push
Applying patch..remove
Patch applied.
% guilt prev
add
% guilt pop
Now at add.
% guilt series
add
remove
% guilt top
add
% guilt unapplied
remove
% list_files
d .git/patches
d .git/patches/master
d .git/patches/master/patches
f 122058eede030a5fdac4e7bcebefededdb5c2126  .git/patches/master/patches/series
f 22930c6d1f1938f298a4fca51c57e4b47171db21  .git/patches/master/mode
f 413390f3906f16f30b054a4fb86c1e014b964504  .git/patches/master/patches/remove
f 413390f3906f16f30b054a4fb86c1e014b964504  .git/patches/master/remove
f 92beb40d1a86a6509c300d948703802d656b31c9  .git/patches/master/status
f 9c18cc7abe6b87f18503714a80a677b4094eb457  .git/patches/master/add
f 9c18cc7abe6b87f18503714a80a677b4094eb457  .git/patches/master/patches/add
f bc9ab2e0f5db99d483961e956e814d963f0309f8  .git/patches/master/modify
f e9a7092d1a00f47e1df206eb4bf1f1cd9ef6d50d  .git/patches/master/series
r 37d588cc39848368810e88332bd03b083f2ce3ac  .git/refs/patches/master/add
