% setup_repo
% guilt push
Applying patch..modify
Patch applied.
% list_files
d .git/patches
d .git/patches/master
f 22930c6d1f1938f298a4fca51c57e4b47171db21  .git/patches/master/mode
f 413390f3906f16f30b054a4fb86c1e014b964504  .git/patches/master/remove
f 7b80669540a0ba5ec6098f50bb7923921278e85a  .git/patches/master/status
f 9c18cc7abe6b87f18503714a80a677b4094eb457  .git/patches/master/add
f bacb4aad8a55fe4e7aa58a9ae169990bb764069f  .git/patches/master/series
f bc9ab2e0f5db99d483961e956e814d963f0309f8  .git/patches/master/modify
r 33633e7a1aa31972f125878baf7807be57b1672d  .git/refs/patches/master/modify
% guilt add series
fatal: this operation must be run in a work tree
% guilt goto remove
fatal: guilt cannot be used without a working tree.
% guilt import remove
fatal: guilt cannot be used without a working tree.
% guilt import-commit HEAD
fatal: guilt cannot be used without a working tree.
% guilt new rejected-patch
fatal: guilt cannot be used without a working tree.
% guilt rename mode chmod
fatal: guilt cannot be used without a working tree.
% guilt rm mode
fatal: this operation must be run in a work tree
% list_files
d .git/patches
d .git/patches/master
f 22930c6d1f1938f298a4fca51c57e4b47171db21  .git/patches/master/mode
f 413390f3906f16f30b054a4fb86c1e014b964504  .git/patches/master/remove
f 7b80669540a0ba5ec6098f50bb7923921278e85a  .git/patches/master/status
f 9c18cc7abe6b87f18503714a80a677b4094eb457  .git/patches/master/add
f bacb4aad8a55fe4e7aa58a9ae169990bb764069f  .git/patches/master/series
f bc9ab2e0f5db99d483961e956e814d963f0309f8  .git/patches/master/modify
r 33633e7a1aa31972f125878baf7807be57b1672d  .git/refs/patches/master/modify
