% setup_repo
% guilt goto -n 1
Applying patch..modify
Patch applied.
% list_files
d .git/patches
d .git/patches/master
f 22930c6d1f1938f298a4fca51c57e4b47171db21  .git/patches/master/mode
f 413390f3906f16f30b054a4fb86c1e014b964504  .git/patches/master/remove
f 7b80669540a0ba5ec6098f50bb7923921278e85a  .git/patches/master/status
f 9c18cc7abe6b87f18503714a80a677b4094eb457  .git/patches/master/add
f bacb4aad8a55fe4e7aa58a9ae169990bb764069f  .git/patches/master/series
f bc9ab2e0f5db99d483961e956e814d963f0309f8  .git/patches/master/modify
r 33633e7a1aa31972f125878baf7807be57b1672d  .git/refs/patches/master/modify
% guilt goto -n 2
Applying patch..add
Patch applied.
% list_files
d .git/patches
d .git/patches/master
f 22930c6d1f1938f298a4fca51c57e4b47171db21  .git/patches/master/mode
f 413390f3906f16f30b054a4fb86c1e014b964504  .git/patches/master/remove
f 6e9645b29c7233ecdf1494834e83c67a37464548  .git/patches/master/status
f 9c18cc7abe6b87f18503714a80a677b4094eb457  .git/patches/master/add
f bacb4aad8a55fe4e7aa58a9ae169990bb764069f  .git/patches/master/series
f bc9ab2e0f5db99d483961e956e814d963f0309f8  .git/patches/master/modify
r 33633e7a1aa31972f125878baf7807be57b1672d  .git/refs/patches/master/modify
r 37d588cc39848368810e88332bd03b083f2ce3ac  .git/refs/patches/master/add
% guilt goto -n 3
Applying patch..remove
Patch applied.
% list_files
d .git/patches
d .git/patches/master
f 22930c6d1f1938f298a4fca51c57e4b47171db21  .git/patches/master/mode
f 413390f3906f16f30b054a4fb86c1e014b964504  .git/patches/master/remove
f 9c18cc7abe6b87f18503714a80a677b4094eb457  .git/patches/master/add
f bacb4aad8a55fe4e7aa58a9ae169990bb764069f  .git/patches/master/series
f bc9ab2e0f5db99d483961e956e814d963f0309f8  .git/patches/master/modify
f f322f08d907e3737a4321b0ec90bc545f71af7cf  .git/patches/master/status
r 33633e7a1aa31972f125878baf7807be57b1672d  .git/refs/patches/master/modify
r 37d588cc39848368810e88332bd03b083f2ce3ac  .git/refs/patches/master/add
r ffb7faa126a6d91bcdd44a494f76b96dd860b8b9  .git/refs/patches/master/remove
% guilt goto -n 4
Applying patch..mode
Patch applied.
% list_files
d .git/patches
d .git/patches/master
f 22930c6d1f1938f298a4fca51c57e4b47171db21  .git/patches/master/mode
f 413390f3906f16f30b054a4fb86c1e014b964504  .git/patches/master/remove
f 71596bf71b72c2717e1aee378aabefbfa19ab7c8  .git/patches/master/status
f 9c18cc7abe6b87f18503714a80a677b4094eb457  .git/patches/master/add
f bacb4aad8a55fe4e7aa58a9ae169990bb764069f  .git/patches/master/series
f bc9ab2e0f5db99d483961e956e814d963f0309f8  .git/patches/master/modify
r 33633e7a1aa31972f125878baf7807be57b1672d  .git/refs/patches/master/modify
r 37d588cc39848368810e88332bd03b083f2ce3ac  .git/refs/patches/master/add
r ccd56089d1b5305a9d35617cb7f6f4b06ffa68ba  .git/refs/patches/master/mode
r ffb7faa126a6d91bcdd44a494f76b96dd860b8b9  .git/refs/patches/master/remove
% guilt goto -n 5
Not enough patches in series.
% guilt push
File series fully applied, ends at patch mode
% guilt goto -n 0
All patches popped.
% list_files
d .git/patches
d .git/patches/master
f 22930c6d1f1938f298a4fca51c57e4b47171db21  .git/patches/master/mode
f 413390f3906f16f30b054a4fb86c1e014b964504  .git/patches/master/remove
f 9c18cc7abe6b87f18503714a80a677b4094eb457  .git/patches/master/add
f bacb4aad8a55fe4e7aa58a9ae169990bb764069f  .git/patches/master/series
f bc9ab2e0f5db99d483961e956e814d963f0309f8  .git/patches/master/modify
f da39a3ee5e6b4b0d3255bfef95601890afd80709  .git/patches/master/status
% guilt goto modify
Applying patch..modify
Patch applied.
% list_files
d .git/patches
d .git/patches/master
f 22930c6d1f1938f298a4fca51c57e4b47171db21  .git/patches/master/mode
f 413390f3906f16f30b054a4fb86c1e014b964504  .git/patches/master/remove
f 7b80669540a0ba5ec6098f50bb7923921278e85a  .git/patches/master/status
f 9c18cc7abe6b87f18503714a80a677b4094eb457  .git/patches/master/add
f bacb4aad8a55fe4e7aa58a9ae169990bb764069f  .git/patches/master/series
f bc9ab2e0f5db99d483961e956e814d963f0309f8  .git/patches/master/modify
r 33633e7a1aa31972f125878baf7807be57b1672d  .git/refs/patches/master/modify
% guilt goto add
Applying patch..add
Patch applied.
% list_files
d .git/patches
d .git/patches/master
f 22930c6d1f1938f298a4fca51c57e4b47171db21  .git/patches/master/mode
f 413390f3906f16f30b054a4fb86c1e014b964504  .git/patches/master/remove
f 6e9645b29c7233ecdf1494834e83c67a37464548  .git/patches/master/status
f 9c18cc7abe6b87f18503714a80a677b4094eb457  .git/patches/master/add
f bacb4aad8a55fe4e7aa58a9ae169990bb764069f  .git/patches/master/series
f bc9ab2e0f5db99d483961e956e814d963f0309f8  .git/patches/master/modify
r 33633e7a1aa31972f125878baf7807be57b1672d  .git/refs/patches/master/modify
r 37d588cc39848368810e88332bd03b083f2ce3ac  .git/refs/patches/master/add
% guilt goto remove
Applying patch..remove
Patch applied.
% list_files
d .git/patches
d .git/patches/master
f 22930c6d1f1938f298a4fca51c57e4b47171db21  .git/patches/master/mode
f 413390f3906f16f30b054a4fb86c1e014b964504  .git/patches/master/remove
f 9c18cc7abe6b87f18503714a80a677b4094eb457  .git/patches/master/add
f bacb4aad8a55fe4e7aa58a9ae169990bb764069f  .git/patches/master/series
f bc9ab2e0f5db99d483961e956e814d963f0309f8  .git/patches/master/modify
f f322f08d907e3737a4321b0ec90bc545f71af7cf  .git/patches/master/status
r 33633e7a1aa31972f125878baf7807be57b1672d  .git/refs/patches/master/modify
r 37d588cc39848368810e88332bd03b083f2ce3ac  .git/refs/patches/master/add
r ffb7faa126a6d91bcdd44a494f76b96dd860b8b9  .git/refs/patches/master/remove
% guilt goto mode
Applying patch..mode
Patch applied.
% list_files
d .git/patches
d .git/patches/master
f 22930c6d1f1938f298a4fca51c57e4b47171db21  .git/patches/master/mode
f 413390f3906f16f30b054a4fb86c1e014b964504  .git/patches/master/remove
f 71596bf71b72c2717e1aee378aabefbfa19ab7c8  .git/patches/master/status
f 9c18cc7abe6b87f18503714a80a677b4094eb457  .git/patches/master/add
f bacb4aad8a55fe4e7aa58a9ae169990bb764069f  .git/patches/master/series
f bc9ab2e0f5db99d483961e956e814d963f0309f8  .git/patches/master/modify
r 33633e7a1aa31972f125878baf7807be57b1672d  .git/refs/patches/master/modify
r 37d588cc39848368810e88332bd03b083f2ce3ac  .git/refs/patches/master/add
r ccd56089d1b5305a9d35617cb7f6f4b06ffa68ba  .git/refs/patches/master/mode
r ffb7faa126a6d91bcdd44a494f76b96dd860b8b9  .git/refs/patches/master/remove
% guilt goto -n 3
Now at remove.
% list_files
d .git/patches
d .git/patches/master
f 22930c6d1f1938f298a4fca51c57e4b47171db21  .git/patches/master/mode
f 413390f3906f16f30b054a4fb86c1e014b964504  .git/patches/master/remove
f 9c18cc7abe6b87f18503714a80a677b4094eb457  .git/patches/master/add
f bacb4aad8a55fe4e7aa58a9ae169990bb764069f  .git/patches/master/series
f bc9ab2e0f5db99d483961e956e814d963f0309f8  .git/patches/master/modify
f f322f08d907e3737a4321b0ec90bc545f71af7cf  .git/patches/master/status
r 33633e7a1aa31972f125878baf7807be57b1672d  .git/refs/patches/master/modify
r 37d588cc39848368810e88332bd03b083f2ce3ac  .git/refs/patches/master/add
r ffb7faa126a6d91bcdd44a494f76b96dd860b8b9  .git/refs/patches/master/remove
% guilt goto -n 2
Now at add.
% list_files
d .git/patches
d .git/patches/master
f 22930c6d1f1938f298a4fca51c57e4b47171db21  .git/patches/master/mode
f 413390f3906f16f30b054a4fb86c1e014b964504  .git/patches/master/remove
f 6e9645b29c7233ecdf1494834e83c67a37464548  .git/patches/master/status
f 9c18cc7abe6b87f18503714a80a677b4094eb457  .git/patches/master/add
f bacb4aad8a55fe4e7aa58a9ae169990bb764069f  .git/patches/master/series
f bc9ab2e0f5db99d483961e956e814d963f0309f8  .git/patches/master/modify
r 33633e7a1aa31972f125878baf7807be57b1672d  .git/refs/patches/master/modify
r 37d588cc39848368810e88332bd03b083f2ce3ac  .git/refs/patches/master/add
% guilt goto -n 1
Now at modify.
% list_files
d .git/patches
d .git/patches/master
f 22930c6d1f1938f298a4fca51c57e4b47171db21  .git/patches/master/mode
f 413390f3906f16f30b054a4fb86c1e014b964504  .git/patches/master/remove
f 7b80669540a0ba5ec6098f50bb7923921278e85a  .git/patches/master/status
f 9c18cc7abe6b87f18503714a80a677b4094eb457  .git/patches/master/add
f bacb4aad8a55fe4e7aa58a9ae169990bb764069f  .git/patches/master/series
f bc9ab2e0f5db99d483961e956e814d963f0309f8  .git/patches/master/modify
r 33633e7a1aa31972f125878baf7807be57b1672d  .git/refs/patches/master/modify
% guilt goto -n 0
All patches popped.
% list_files
d .git/patches
d .git/patches/master
f 22930c6d1f1938f298a4fca51c57e4b47171db21  .git/patches/master/mode
f 413390f3906f16f30b054a4fb86c1e014b964504  .git/patches/master/remove
f 9c18cc7abe6b87f18503714a80a677b4094eb457  .git/patches/master/add
f bacb4aad8a55fe4e7aa58a9ae169990bb764069f  .git/patches/master/series
f bc9ab2e0f5db99d483961e956e814d963f0309f8  .git/patches/master/modify
f da39a3ee5e6b4b0d3255bfef95601890afd80709  .git/patches/master/status
% guilt goto add
Applying patch..modify
Patch applied.
Applying patch..add
Patch applied.
% list_files
d .git/patches
d .git/patches/master
f 22930c6d1f1938f298a4fca51c57e4b47171db21  .git/patches/master/mode
f 413390f3906f16f30b054a4fb86c1e014b964504  .git/patches/master/remove
f 6e9645b29c7233ecdf1494834e83c67a37464548  .git/patches/master/status
f 9c18cc7abe6b87f18503714a80a677b4094eb457  .git/patches/master/add
f bacb4aad8a55fe4e7aa58a9ae169990bb764069f  .git/patches/master/series
f bc9ab2e0f5db99d483961e956e814d963f0309f8  .git/patches/master/modify
r 33633e7a1aa31972f125878baf7807be57b1672d  .git/refs/patches/master/modify
r 37d588cc39848368810e88332bd03b083f2ce3ac  .git/refs/patches/master/add
% guilt goto mode
Applying patch..remove
Patch applied.
Applying patch..mode
Patch applied.
% list_files
d .git/patches
d .git/patches/master
f 22930c6d1f1938f298a4fca51c57e4b47171db21  .git/patches/master/mode
f 413390f3906f16f30b054a4fb86c1e014b964504  .git/patches/master/remove
f 71596bf71b72c2717e1aee378aabefbfa19ab7c8  .git/patches/master/status
f 9c18cc7abe6b87f18503714a80a677b4094eb457  .git/patches/master/add
f bacb4aad8a55fe4e7aa58a9ae169990bb764069f  .git/patches/master/series
f bc9ab2e0f5db99d483961e956e814d963f0309f8  .git/patches/master/modify
r 33633e7a1aa31972f125878baf7807be57b1672d  .git/refs/patches/master/modify
r 37d588cc39848368810e88332bd03b083f2ce3ac  .git/refs/patches/master/add
r ccd56089d1b5305a9d35617cb7f6f4b06ffa68ba  .git/refs/patches/master/mode
r ffb7faa126a6d91bcdd44a494f76b96dd860b8b9  .git/refs/patches/master/remove
% guilt goto modify
Now at modify.
% list_files
d .git/patches
d .git/patches/master
f 22930c6d1f1938f298a4fca51c57e4b47171db21  .git/patches/master/mode
f 413390f3906f16f30b054a4fb86c1e014b964504  .git/patches/master/remove
f 7b80669540a0ba5ec6098f50bb7923921278e85a  .git/patches/master/status
f 9c18cc7abe6b87f18503714a80a677b4094eb457  .git/patches/master/add
f bacb4aad8a55fe4e7aa58a9ae169990bb764069f  .git/patches/master/series
f bc9ab2e0f5db99d483961e956e814d963f0309f8  .git/patches/master/modify
r 33633e7a1aa31972f125878baf7807be57b1672d  .git/refs/patches/master/modify
% guilt goto -n 4
Applying patch..add
Patch applied.
Applying patch..remove
Patch applied.
Applying patch..mode
Patch applied.
% list_files
d .git/patches
d .git/patches/master
f 22930c6d1f1938f298a4fca51c57e4b47171db21  .git/patches/master/mode
f 413390f3906f16f30b054a4fb86c1e014b964504  .git/patches/master/remove
f 71596bf71b72c2717e1aee378aabefbfa19ab7c8  .git/patches/master/status
f 9c18cc7abe6b87f18503714a80a677b4094eb457  .git/patches/master/add
f bacb4aad8a55fe4e7aa58a9ae169990bb764069f  .git/patches/master/series
f bc9ab2e0f5db99d483961e956e814d963f0309f8  .git/patches/master/modify
r 33633e7a1aa31972f125878baf7807be57b1672d  .git/refs/patches/master/modify
r 37d588cc39848368810e88332bd03b083f2ce3ac  .git/refs/patches/master/add
r ccd56089d1b5305a9d35617cb7f6f4b06ffa68ba  .git/refs/patches/master/mode
r ffb7faa126a6d91bcdd44a494f76b96dd860b8b9  .git/refs/patches/master/remove
% guilt goto -n 1
Now at modify.
% list_files
d .git/patches
d .git/patches/master
f 22930c6d1f1938f298a4fca51c57e4b47171db21  .git/patches/master/mode
f 413390f3906f16f30b054a4fb86c1e014b964504  .git/patches/master/remove
f 7b80669540a0ba5ec6098f50bb7923921278e85a  .git/patches/master/status
f 9c18cc7abe6b87f18503714a80a677b4094eb457  .git/patches/master/add
f bacb4aad8a55fe4e7aa58a9ae169990bb764069f  .git/patches/master/series
f bc9ab2e0f5db99d483961e956e814d963f0309f8  .git/patches/master/modify
r 33633e7a1aa31972f125878baf7807be57b1672d  .git/refs/patches/master/modify
% guilt goto -n 3
Applying patch..add
Patch applied.
Applying patch..remove
Patch applied.
% list_files
d .git/patches
d .git/patches/master
f 22930c6d1f1938f298a4fca51c57e4b47171db21  .git/patches/master/mode
f 413390f3906f16f30b054a4fb86c1e014b964504  .git/patches/master/remove
f 9c18cc7abe6b87f18503714a80a677b4094eb457  .git/patches/master/add
f bacb4aad8a55fe4e7aa58a9ae169990bb764069f  .git/patches/master/series
f bc9ab2e0f5db99d483961e956e814d963f0309f8  .git/patches/master/modify
f f322f08d907e3737a4321b0ec90bc545f71af7cf  .git/patches/master/status
r 33633e7a1aa31972f125878baf7807be57b1672d  .git/refs/patches/master/modify
r 37d588cc39848368810e88332bd03b083f2ce3ac  .git/refs/patches/master/add
r ffb7faa126a6d91bcdd44a494f76b96dd860b8b9  .git/refs/patches/master/remove
% guilt goto -n 0
All patches popped.
% list_files
d .git/patches
d .git/patches/master
f 22930c6d1f1938f298a4fca51c57e4b47171db21  .git/patches/master/mode
f 413390f3906f16f30b054a4fb86c1e014b964504  .git/patches/master/remove
f 9c18cc7abe6b87f18503714a80a677b4094eb457  .git/patches/master/add
f bacb4aad8a55fe4e7aa58a9ae169990bb764069f  .git/patches/master/series
f bc9ab2e0f5db99d483961e956e814d963f0309f8  .git/patches/master/modify
f da39a3ee5e6b4b0d3255bfef95601890afd80709  .git/patches/master/status
% guilt goto -n 4
Applying patch..modify
Patch applied.
Applying patch..add
Patch applied.
Applying patch..remove
Patch applied.
Applying patch..mode
Patch applied.
% list_files
d .git/patches
d .git/patches/master
f 22930c6d1f1938f298a4fca51c57e4b47171db21  .git/patches/master/mode
f 413390f3906f16f30b054a4fb86c1e014b964504  .git/patches/master/remove
f 71596bf71b72c2717e1aee378aabefbfa19ab7c8  .git/patches/master/status
f 9c18cc7abe6b87f18503714a80a677b4094eb457  .git/patches/master/add
f bacb4aad8a55fe4e7aa58a9ae169990bb764069f  .git/patches/master/series
f bc9ab2e0f5db99d483961e956e814d963f0309f8  .git/patches/master/modify
r 33633e7a1aa31972f125878baf7807be57b1672d  .git/refs/patches/master/modify
r 37d588cc39848368810e88332bd03b083f2ce3ac  .git/refs/patches/master/add
r ccd56089d1b5305a9d35617cb7f6f4b06ffa68ba  .git/refs/patches/master/mode
r ffb7faa126a6d91bcdd44a494f76b96dd860b8b9  .git/refs/patches/master/remove
% guilt goto -n 99
Not enough patches in series.
% guilt goto nope
Patch nope is not in the series or is guarded.
% list_files
d .git/patches
d .git/patches/master
f 22930c6d1f1938f298a4fca51c57e4b47171db21  .git/patches/master/mode
f 413390f3906f16f30b054a4fb86c1e014b964504  .git/patches/master/remove
f 71596bf71b72c2717e1aee378aabefbfa19ab7c8  .git/patches/master/status
f 9c18cc7abe6b87f18503714a80a677b4094eb457  .git/patches/master/add
f bacb4aad8a55fe4e7aa58a9ae169990bb764069f  .git/patches/master/series
f bc9ab2e0f5db99d483961e956e814d963f0309f8  .git/patches/master/modify
r 33633e7a1aa31972f125878baf7807be57b1672d  .git/refs/patches/master/modify
r 37d588cc39848368810e88332bd03b083f2ce3ac  .git/refs/patches/master/add
r ccd56089d1b5305a9d35617cb7f6f4b06ffa68ba  .git/refs/patches/master/mode
r ffb7faa126a6d91bcdd44a494f76b96dd860b8b9  .git/refs/patches/master/remove
% guilt goto mo
Multiple patches match:
   guilt goto -n 1 # modify
   guilt goto -n 3 # remove
   guilt goto -n 4 # mode
Please provide a unique pattern
% guilt goto mo.e
Already at mode
% list_files
d .git/patches
d .git/patches/master
f 22930c6d1f1938f298a4fca51c57e4b47171db21  .git/patches/master/mode
f 413390f3906f16f30b054a4fb86c1e014b964504  .git/patches/master/remove
f 71596bf71b72c2717e1aee378aabefbfa19ab7c8  .git/patches/master/status
f 9c18cc7abe6b87f18503714a80a677b4094eb457  .git/patches/master/add
f bacb4aad8a55fe4e7aa58a9ae169990bb764069f  .git/patches/master/series
f bc9ab2e0f5db99d483961e956e814d963f0309f8  .git/patches/master/modify
r 33633e7a1aa31972f125878baf7807be57b1672d  .git/refs/patches/master/modify
r 37d588cc39848368810e88332bd03b083f2ce3ac  .git/refs/patches/master/add
r ccd56089d1b5305a9d35617cb7f6f4b06ffa68ba  .git/refs/patches/master/mode
r ffb7faa126a6d91bcdd44a494f76b96dd860b8b9  .git/refs/patches/master/remove
% guilt goto d[i]f
Now at modify.
% list_files
d .git/patches
d .git/patches/master
f 22930c6d1f1938f298a4fca51c57e4b47171db21  .git/patches/master/mode
f 413390f3906f16f30b054a4fb86c1e014b964504  .git/patches/master/remove
f 7b80669540a0ba5ec6098f50bb7923921278e85a  .git/patches/master/status
f 9c18cc7abe6b87f18503714a80a677b4094eb457  .git/patches/master/add
f bacb4aad8a55fe4e7aa58a9ae169990bb764069f  .git/patches/master/series
f bc9ab2e0f5db99d483961e956e814d963f0309f8  .git/patches/master/modify
r 33633e7a1aa31972f125878baf7807be57b1672d  .git/refs/patches/master/modify
% guilt goto dd
Applying patch..add
Patch applied.
% list_files
d .git/patches
d .git/patches/master
f 22930c6d1f1938f298a4fca51c57e4b47171db21  .git/patches/master/mode
f 413390f3906f16f30b054a4fb86c1e014b964504  .git/patches/master/remove
f 6e9645b29c7233ecdf1494834e83c67a37464548  .git/patches/master/status
f 9c18cc7abe6b87f18503714a80a677b4094eb457  .git/patches/master/add
f bacb4aad8a55fe4e7aa58a9ae169990bb764069f  .git/patches/master/series
f bc9ab2e0f5db99d483961e956e814d963f0309f8  .git/patches/master/modify
r 33633e7a1aa31972f125878baf7807be57b1672d  .git/refs/patches/master/modify
r 37d588cc39848368810e88332bd03b083f2ce3ac  .git/refs/patches/master/add
